\BOOKMARK [0][-]{chapter*.2}{Pr\351face}{}% 1
\BOOKMARK [0][-]{chapter*.3}{Introduction}{}% 2
\BOOKMARK [-1][-]{part.1}{I Les bases}{}% 3
\BOOKMARK [0][-]{chapter*.4}{L'\351chiquier, les pi\350ces}{part.1}% 4
\BOOKMARK [1][-]{section.1.1}{L'\351chiquier}{chapter*.4}% 5
\BOOKMARK [1][-]{section.1.2}{Les pi\350ces}{chapter*.4}% 6
\BOOKMARK [2][-]{subsection.1.2.1}{Le pion}{section.1.2}% 7
\BOOKMARK [3][-]{section*.5}{Cas particuliers}{subsection.1.2.1}% 8
\BOOKMARK [2][-]{subsection.1.2.2}{La tour}{section.1.2}% 9
\BOOKMARK [2][-]{subsection.1.2.3}{Le fou}{section.1.2}% 10
\BOOKMARK [2][-]{subsection.1.2.4}{La dame}{section.1.2}% 11
\BOOKMARK [2][-]{subsection.1.2.5}{Le roi}{section.1.2}% 12
\BOOKMARK [3][-]{section*.8}{Cas particuliers}{subsection.1.2.5}% 13
\BOOKMARK [2][-]{subsection.1.2.6}{Le cavalier}{section.1.2}% 14
\BOOKMARK [-1][-]{part.2}{II Tactiques simples}{}% 15
\BOOKMARK [0][-]{chapter*.13}{La fourchette}{part.2}% 16
\BOOKMARK [0][-]{chapter*.14}{L'enfilade}{part.2}% 17
\BOOKMARK [0][-]{chapter*.15}{Le rayons X}{part.2}% 18
\BOOKMARK [0][-]{chapter*.16}{Echec \340 la d\351couverte}{part.2}% 19
\BOOKMARK [0][-]{chapter*.17}{Le moulinet}{part.2}% 20
\BOOKMARK [0][-]{chapter*.18}{L'assistance mutuelle}{part.2}% 21
\BOOKMARK [0][-]{chapter*.19}{L'assistance mutuelle indirecte}{part.2}% 22
\BOOKMARK [0][-]{chapter*.20}{L'attaque \340 la d\351couverte}{part.2}% 23
\BOOKMARK [0][-]{chapter*.21}{L'attaque double}{part.2}% 24
\BOOKMARK [0][-]{chapter*.22}{L'attraction}{part.2}% 25
\BOOKMARK [0][-]{chapter*.23}{Le blocage}{part.2}% 26
\BOOKMARK [0][-]{chapter*.24}{Le clouage}{part.2}% 27
\BOOKMARK [0][-]{chapter*.25}{Le clouage en crois\351}{part.2}% 28
\BOOKMARK [0][-]{chapter*.26}{La contre-attaque}{part.2}% 29
\BOOKMARK [0][-]{chapter*.27}{Le coup de repos}{part.2}% 30
\BOOKMARK [0][-]{chapter*.28}{Le coup interm\351diaire}{part.2}% 31
\BOOKMARK [0][-]{chapter*.29}{Le d\351clouage}{part.2}% 32
\BOOKMARK [0][-]{chapter*.30}{Le d\351gagement}{part.2}% 33
\BOOKMARK [0][-]{chapter*.31}{L'\351cart}{part.2}% 34
\BOOKMARK [0][-]{chapter*.32}{L'\351chec double}{part.2}% 35
\BOOKMARK [0][-]{chapter*.33}{L'\351chec interm\351diaire}{part.2}% 36
\BOOKMARK [0][-]{chapter*.34}{L'\351limination de l'attaquant}{part.2}% 37
\BOOKMARK [0][-]{chapter*.35}{L'\351limination du d\351fenseur}{part.2}% 38
\BOOKMARK [0][-]{chapter*.36}{L'\351vacuation}{part.2}% 39
\BOOKMARK [0][-]{chapter*.37}{L'interception}{part.2}% 40
\BOOKMARK [0][-]{chapter*.38}{L'interposition}{part.2}% 41
\BOOKMARK [0][-]{chapter*.39}{La menace double}{part.2}% 42
\BOOKMARK [0][-]{chapter*.40}{L'obstruction}{part.2}% 43
\BOOKMARK [0][-]{chapter*.41}{L'opposition}{part.2}% 44
\BOOKMARK [0][-]{chapter*.42}{La surcharge}{part.2}% 45
\BOOKMARK [0][-]{chapter*.43}{Le zugzwang}{part.2}% 46
\BOOKMARK [-1][-]{part.3}{III Les mats simples}{}% 47
\BOOKMARK [0][-]{chapter*.44}{Mat avec la tour}{part.3}% 48
\BOOKMARK [0][-]{chapter*.45}{Mat avec 2 tours}{part.3}% 49
\BOOKMARK [0][-]{chapter*.46}{Mat avec la dame}{part.3}% 50
\BOOKMARK [0][-]{chapter*.47}{Mat avec 2 fous}{part.3}% 51
\BOOKMARK [0][-]{chapter*.48}{Mat avec fou et cavalier}{part.3}% 52
\BOOKMARK [0][-]{chapter*.49}{Mat avec 2 cavaliers}{part.3}% 53
\BOOKMARK [0][-]{chapter*.50}{Mat avec roi et pions}{part.3}% 54
\BOOKMARK [0][-]{chapter*.51}{Mat avec fou et pion}{part.3}% 55
\BOOKMARK [0][-]{chapter*.52}{Mat avec cavalier et pion}{part.3}% 56
\BOOKMARK [-1][-]{part.4}{IV Tableaux de mat}{}% 57
\BOOKMARK [0][-]{chapter*.53}{Mat du sot}{part.4}% 58
\BOOKMARK [0][-]{chapter*.54}{Mat du berger}{part.4}% 59
\BOOKMARK [0][-]{chapter*.55}{Mat de Legall}{part.4}% 60
\BOOKMARK [0][-]{chapter*.56}{Mat arabe}{part.4}% 61
\BOOKMARK [0][-]{chapter*.57}{Mat de l'angle}{part.4}% 62
\BOOKMARK [0][-]{chapter*.58}{Mat du baiser de la mort}{part.4}% 63
\BOOKMARK [0][-]{chapter*.59}{Mat d'Anderssen}{part.4}% 64
\BOOKMARK [0][-]{chapter*.60}{Mat de Damiano}{part.4}% 65
\BOOKMARK [0][-]{chapter*.61}{Mat de Greco}{part.4}% 66
\BOOKMARK [0][-]{chapter*.62}{Mat de Pillsbury}{part.4}% 67
\BOOKMARK [0][-]{chapter*.63}{Mat de Lolli}{part.4}% 68
\BOOKMARK [0][-]{chapter*.64}{Mat des \351paulettes}{part.4}% 69
\BOOKMARK [0][-]{chapter*.65}{Mat du gueridon}{part.4}% 70
\BOOKMARK [0][-]{chapter*.66}{Mat de Boden}{part.4}% 71
\BOOKMARK [0][-]{chapter*.67}{Mat d'Anastasie}{part.4}% 72
\BOOKMARK [0][-]{chapter*.68}{Mat de Morphy}{part.4}% 73
\BOOKMARK [0][-]{chapter*.69}{Mat de Blackburne}{part.4}% 74
\BOOKMARK [0][-]{chapter*.70}{Mat de Mayet}{part.4}% 75
\BOOKMARK [0][-]{chapter*.71}{Mat de l'op\351ra}{part.4}% 76
\BOOKMARK [0][-]{chapter*.72}{Mat de R\351ti}{part.4}% 77
\BOOKMARK [0][-]{chapter*.73}{Mat de Calabrais}{part.4}% 78
\BOOKMARK [-1][-]{part.5}{V Commencer \340 jouer}{}% 79
\BOOKMARK [0][-]{chapter*.74}{Les 3 phases de jeu}{part.5}% 80
\BOOKMARK [1][-]{section.5.1}{Les ouvertures}{chapter*.74}% 81
\BOOKMARK [2][-]{subsection.5.1.1}{Les 10 r\350gles d'ouverture}{section.5.1}% 82
