\BOOKMARK [0][-]{chapter*.1}{Pr\351face}{}% 1
\BOOKMARK [0][-]{chapter*.2}{Introduction}{}% 2
\BOOKMARK [-1][-]{chapter*.2}{Les bases}{}% 3
\BOOKMARK [0][-]{chapter.1}{L'\351chiquier, les pi\350ces}{chapter*.2}% 4
\BOOKMARK [1][-]{section.0.1}{L'\351chiquier}{chapter.1}% 5
\BOOKMARK [1][-]{section.0.2}{Les pi\350ces}{chapter.1}% 6
\BOOKMARK [2][-]{subsection.0.2.1}{Le pion}{section.0.2}% 7
\BOOKMARK [3][-]{section*.3}{Cas particuliers}{subsection.0.2.1}% 8
\BOOKMARK [2][-]{subsection.0.2.2}{La tour}{section.0.2}% 9
\BOOKMARK [2][-]{subsection.0.2.3}{Le fou}{section.0.2}% 10
\BOOKMARK [2][-]{subsection.0.2.4}{La dame}{section.0.2}% 11
\BOOKMARK [2][-]{subsection.0.2.5}{Le roi}{section.0.2}% 12
\BOOKMARK [3][-]{section*.6}{Cas particuliers}{subsection.0.2.5}% 13
\BOOKMARK [2][-]{subsection.0.2.6}{Le cavalier}{section.0.2}% 14
\BOOKMARK [-1][-]{Item.2}{Tactiques simples}{}% 15
\BOOKMARK [0][-]{chapter.1}{La fourchette}{Item.2}% 16
\BOOKMARK [0][-]{chapter.2}{L'enfilade}{Item.2}% 17
\BOOKMARK [0][-]{chapter.3}{Le rayons-X}{Item.2}% 18
\BOOKMARK [0][-]{chapter.4}{L'attaque, l'\351chec \340 la d\351couverte}{Item.2}% 19
\BOOKMARK [0][-]{chapter.5}{Le moulinet}{Item.2}% 20
\BOOKMARK [0][-]{chapter.6}{L'assistance mutuelle}{Item.2}% 21
\BOOKMARK [0][-]{chapter.7}{L'assistance mutuelle indirecte}{Item.2}% 22
\BOOKMARK [0][-]{chapter.8}{L'attaque double}{Item.2}% 23
\BOOKMARK [0][-]{chapter.9}{L'attraction}{Item.2}% 24
\BOOKMARK [0][-]{chapter.10}{Le blocage}{Item.2}% 25
\BOOKMARK [0][-]{chapter.11}{Le clouage}{Item.2}% 26
\BOOKMARK [0][-]{chapter.12}{Le clouage en crois\351}{Item.2}% 27
\BOOKMARK [0][-]{chapter.13}{La contre-attaque}{Item.2}% 28
\BOOKMARK [0][-]{chapter.14}{Le coup de repos}{Item.2}% 29
\BOOKMARK [0][-]{chapter.15}{Le coup interm\351diaire}{Item.2}% 30
\BOOKMARK [0][-]{chapter.16}{Le d\351clouage}{Item.2}% 31
\BOOKMARK [0][-]{chapter.17}{Le d\351gagement}{Item.2}% 32
\BOOKMARK [0][-]{chapter.18}{L'\351cart}{Item.2}% 33
\BOOKMARK [0][-]{chapter.19}{L'\351chec double}{Item.2}% 34
\BOOKMARK [0][-]{chapter.20}{L'\351chec interm\351diaire}{Item.2}% 35
\BOOKMARK [0][-]{chapter.21}{L'\351limination de l'attaquant}{Item.2}% 36
\BOOKMARK [0][-]{chapter.22}{L'\351limination du d\351fenseur}{Item.2}% 37
\BOOKMARK [0][-]{chapter.23}{L'\351vacuation}{Item.2}% 38
\BOOKMARK [0][-]{chapter.24}{L'interception}{Item.2}% 39
\BOOKMARK [0][-]{chapter.25}{L'interposition}{Item.2}% 40
\BOOKMARK [0][-]{chapter.26}{La menace double}{Item.2}% 41
\BOOKMARK [0][-]{chapter.27}{L'obstruction}{Item.2}% 42
\BOOKMARK [0][-]{chapter.28}{L'opposition}{Item.2}% 43
\BOOKMARK [0][-]{chapter.29}{La surcharge}{Item.2}% 44
\BOOKMARK [0][-]{chapter.30}{Le zugzwang}{Item.2}% 45
\BOOKMARK [-1][-]{chapter.30}{Les mats simples}{}% 46
\BOOKMARK [0][-]{chapter.1}{Mat avec la tour}{chapter.30}% 47
\BOOKMARK [0][-]{chapter.2}{Mat avec 2 tours}{chapter.30}% 48
\BOOKMARK [0][-]{chapter.3}{Mat avec la dame}{chapter.30}% 49
\BOOKMARK [0][-]{chapter.4}{Mat avec 2 fous}{chapter.30}% 50
\BOOKMARK [0][-]{chapter.5}{Mat avec fou et cavalier}{chapter.30}% 51
\BOOKMARK [0][-]{chapter.6}{Mat avec 2 cavaliers}{chapter.30}% 52
\BOOKMARK [0][-]{chapter.7}{Mat avec roi et pions}{chapter.30}% 53
\BOOKMARK [0][-]{chapter.8}{Mat avec fou et pion}{chapter.30}% 54
\BOOKMARK [0][-]{chapter.9}{Mat avec cavalier et pion}{chapter.30}% 55
\BOOKMARK [-1][-]{chapter.9}{Tableaux de mat}{}% 56
\BOOKMARK [0][-]{chapter.1}{Mat du sot}{chapter.9}% 57
\BOOKMARK [0][-]{chapter.2}{Mat du berger}{chapter.9}% 58
\BOOKMARK [0][-]{chapter.3}{Mat de Legall}{chapter.9}% 59
\BOOKMARK [0][-]{chapter.4}{Mat arabe}{chapter.9}% 60
\BOOKMARK [0][-]{chapter.5}{Mat de l'angle}{chapter.9}% 61
\BOOKMARK [0][-]{chapter.6}{Mat du baiser de la mort}{chapter.9}% 62
\BOOKMARK [0][-]{chapter.7}{Mat d'Anderssen}{chapter.9}% 63
\BOOKMARK [0][-]{chapter.8}{Mat de Damiano}{chapter.9}% 64
\BOOKMARK [0][-]{section*.20}{Mat de Greco}{chapter.9}% 65
\BOOKMARK [0][-]{chapter.10}{Mat de Pillsbury}{chapter.9}% 66
\BOOKMARK [0][-]{chapter.11}{Mat de Lolli}{chapter.9}% 67
\BOOKMARK [0][-]{chapter.12}{Mat des \351paulettes}{chapter.9}% 68
\BOOKMARK [0][-]{chapter.13}{Mat du gueridon}{chapter.9}% 69
\BOOKMARK [0][-]{chapter.14}{Mat de Boden}{chapter.9}% 70
\BOOKMARK [0][-]{chapter.15}{Mat d'Anastasie}{chapter.9}% 71
\BOOKMARK [0][-]{chapter.16}{Mat de Morphy}{chapter.9}% 72
\BOOKMARK [0][-]{chapter.17}{Mat de Blackburne}{chapter.9}% 73
\BOOKMARK [0][-]{chapter.18}{Mat de Mayet}{chapter.9}% 74
\BOOKMARK [0][-]{chapter.19}{Mat de l'op\351ra}{chapter.9}% 75
\BOOKMARK [0][-]{chapter.20}{Mat de R\351ti}{chapter.9}% 76
\BOOKMARK [0][-]{chapter.21}{Mat de Calabrais}{chapter.9}% 77
\BOOKMARK [-1][-]{chapter.21}{Commencer \340 jouer}{}% 78
\BOOKMARK [0][-]{chapter.1}{Les 3 phases de jeu}{chapter.21}% 79
\BOOKMARK [1][-]{section.0.1}{Les ouvertures}{chapter.1}% 80
\BOOKMARK [2][-]{subsection.0.1.1}{Les 10 r\350gles d'ouverture}{section.0.1}% 81
